Started GET "/" for 127.0.0.1 at 2018-11-17 14:38:34 +0700
  
NoMethodError (undefined method `root_to' for #<ActionDispatch::Routing::Mapper:0x00007fab97c5aae0>
Did you mean?  root):
  
config/routes.rb:3:in `block in <main>'
config/routes.rb:1:in `<main>'
Started GET "/" for 127.0.0.1 at 2018-11-17 14:38:40 +0700
Processing by HomeController#index as HTML
  Rendering home/index.html.erb within layouts/application
  Rendered home/index.html.erb within layouts/application (0.4ms)
Completed 200 OK in 1023ms (Views: 1010.7ms | ActiveRecord: 0.0ms)


Started GET "/" for 127.0.0.1 at 2018-11-17 14:39:55 +0700
Processing by HomeController#index as HTML
  Rendering home/index.html.erb within layouts/application
  Rendered home/index.html.erb within layouts/application (0.5ms)
Completed 200 OK in 35ms (Views: 31.5ms | ActiveRecord: 0.0ms)


Started GET "/?phones=&submit=Submit" for 127.0.0.1 at 2018-11-17 14:39:56 +0700
Processing by HomeController#index as HTML
  Parameters: {"phones"=>"", "submit"=>"Submit"}
  Rendering home/index.html.erb within layouts/application
  Rendered home/index.html.erb within layouts/application (0.4ms)
Completed 200 OK in 33ms (Views: 30.0ms | ActiveRecord: 0.0ms)


Started GET "/?phones=&submit=Submit" for 127.0.0.1 at 2018-11-17 14:39:57 +0700
Processing by HomeController#index as HTML
  Parameters: {"phones"=>"", "submit"=>"Submit"}
  Rendering home/index.html.erb within layouts/application
  Rendered home/index.html.erb within layouts/application (0.4ms)
Completed 200 OK in 33ms (Views: 29.5ms | ActiveRecord: 0.0ms)


Started GET "/?phones=&submit=Submit" for 127.0.0.1 at 2018-11-17 14:39:57 +0700
Processing by HomeController#index as HTML
  Parameters: {"phones"=>"", "submit"=>"Submit"}
  Rendering home/index.html.erb within layouts/application
  Rendered home/index.html.erb within layouts/application (0.5ms)
Completed 200 OK in 45ms (Views: 42.4ms | ActiveRecord: 0.0ms)


Started GET "/?phones=c&submit=Submit" for 127.0.0.1 at 2018-11-17 14:40:00 +0700
Processing by HomeController#index as HTML
  Parameters: {"phones"=>"c", "submit"=>"Submit"}
  Rendering home/index.html.erb within layouts/application
  Rendered home/index.html.erb within layouts/application (0.5ms)
Completed 200 OK in 30ms (Views: 27.5ms | ActiveRecord: 0.0ms)


Started GET "/?phones=&submit=Submit" for 127.0.0.1 at 2018-11-17 14:40:02 +0700
Processing by HomeController#index as HTML
  Parameters: {"phones"=>"", "submit"=>"Submit"}
  Rendering home/index.html.erb within layouts/application
  Rendered home/index.html.erb within layouts/application (0.4ms)
Completed 200 OK in 32ms (Views: 28.5ms | ActiveRecord: 0.0ms)


Started GET "/?phones=&submit=Submit" for 127.0.0.1 at 2018-11-17 14:43:22 +0700
Processing by HomeController#index as HTML
  Parameters: {"phones"=>"", "submit"=>"Submit"}
  Rendering home/index.html.erb within layouts/application
  Rendered home/index.html.erb within layouts/application (0.4ms)
Completed 200 OK in 43ms (Views: 39.5ms | ActiveRecord: 0.0ms)


Started GET "/?phones=&submit=Submit" for 127.0.0.1 at 2018-11-17 14:44:02 +0700
Processing by HomeController#index as HTML
  Parameters: {"phones"=>"", "submit"=>"Submit"}
  Rendering home/index.html.erb within layouts/application
  Rendered home/index.html.erb within layouts/application (0.5ms)
Completed 200 OK in 45ms (Views: 40.4ms | ActiveRecord: 0.0ms)


Started GET "/?phones=&submit=Submit" for 127.0.0.1 at 2018-11-17 14:44:28 +0700
Processing by HomeController#index as HTML
  Parameters: {"phones"=>"", "submit"=>"Submit"}
  Rendering home/index.html.erb within layouts/application
  Rendered home/index.html.erb within layouts/application (0.8ms)
Completed 200 OK in 38ms (Views: 34.0ms | ActiveRecord: 0.0ms)


Started GET "/?phones=&submit=Submit" for 127.0.0.1 at 2018-11-17 14:45:18 +0700
Processing by HomeController#index as HTML
  Parameters: {"phones"=>"", "submit"=>"Submit"}
  Rendering home/index.html.erb within layouts/application
  Rendered home/index.html.erb within layouts/application (0.5ms)
Completed 200 OK in 42ms (Views: 37.9ms | ActiveRecord: 0.0ms)


Started GET "/?phones=&submit=Submit" for 127.0.0.1 at 2018-11-17 14:48:49 +0700
Processing by HomeController#index as HTML
  Parameters: {"phones"=>"", "submit"=>"Submit"}
  Rendering home/index.html.erb within layouts/application
  Rendered home/index.html.erb within layouts/application (0.6ms)
Completed 200 OK in 43ms (Views: 39.2ms | ActiveRecord: 0.0ms)


Started GET "/?phones=&submit=Submit" for 127.0.0.1 at 2018-11-17 14:49:07 +0700
Processing by HomeController#index as HTML
  Parameters: {"phones"=>"", "submit"=>"Submit"}
  Rendering home/index.html.erb within layouts/application
  Rendered home/index.html.erb within layouts/application (0.8ms)
Completed 200 OK in 35ms (Views: 31.1ms | ActiveRecord: 0.0ms)


Started GET "/?phones=&submit=Submit" for 127.0.0.1 at 2018-11-17 14:49:16 +0700
Processing by HomeController#index as HTML
  Parameters: {"phones"=>"", "submit"=>"Submit"}
  Rendering home/index.html.erb within layouts/application
  Rendered home/index.html.erb within layouts/application (0.7ms)
Completed 200 OK in 43ms (Views: 40.0ms | ActiveRecord: 0.0ms)


Started GET "/?phones=&submit=Submit" for 127.0.0.1 at 2018-11-17 14:49:41 +0700
Processing by HomeController#index as HTML
  Parameters: {"phones"=>"", "submit"=>"Submit"}
  Rendering home/index.html.erb within layouts/application
  Rendered home/index.html.erb within layouts/application (0.9ms)
Completed 200 OK in 32ms (Views: 28.3ms | ActiveRecord: 0.0ms)


Started GET "/?phones=&submit=Submit" for 127.0.0.1 at 2018-11-17 14:50:00 +0700
Processing by HomeController#index as HTML
  Parameters: {"phones"=>"", "submit"=>"Submit"}
  Rendering home/index.html.erb within layouts/application
  Rendered home/index.html.erb within layouts/application (0.6ms)
Completed 200 OK in 32ms (Views: 28.5ms | ActiveRecord: 0.0ms)


